<?xml version="1.0" encoding="UTF-8"?>
<!-- Generated by org.testng.reporters.JUnitReportReporter -->
<testsuite hostname="APL-5CD0506ZPH" failures="0" tests="1" name="com.automationProject.MavenAutomation" time="13.285" errors="0" timestamp="2023-07-21T13:57:45 IST" skipped="0">
  <testcase classname="com.automationProject.MavenAutomation" name="main" time="13.285"/>
  <system-out/>
</testsuite> <!-- com.automationProject.MavenAutomation -->
