<?xml version="1.0" encoding="UTF-8"?>
<!-- Generated by org.testng.reporters.JUnitReportReporter -->
<testsuite hostname="APL-5CD0506ZPH" failures="0" tests="1" name="com.DeliveryCount.DeliveryDataDataTest1" time="0.785" errors="0" timestamp="2023-09-07T20:23:06 IST" skipped="0">
  <testcase classname="com.DeliveryCount.DeliveryDataDataTest1" name="testPickupDataSortingAndCounting" time="0.785"/>
  <system-out/>
</testsuite> <!-- com.DeliveryCount.DeliveryDataDataTest1 -->
